

***********************************************************************
Fatal NI connect error 12505, connecting to:
 (DESCRIPTION=(ADDRESS=(PROTOCOL=TCP)(HOST=localhost)(PORT=1521))(CONNECT_DATA=(SID=xe)(CID=(PROGRAM=D:\PROGRAM\wamp\bin\php\php5.5.12\php.exe)(HOST=DESKTOP-1E73LDL)(USER=Tamby-User))))

  VERSION INFORMATION:
	TNS for 32-bit Windows: Version 10.2.0.1.0 - Production
	Windows NT TCP/IP NT Protocol Adapter for 32-bit Windows: Version 10.2.0.1.0 - Production
  Time: 19-FÉVR.-2023 17:59:45
  Tracing not turned on.
  Tns error struct:
    ns main err code: 12564
    TNS-12564: TNS : connexion refusée
    ns secondary err code: 0
    nt main err code: 0
    nt secondary err code: 0
    nt OS err code: 0


***********************************************************************
Fatal NI connect error 12505, connecting to:
 (DESCRIPTION=(ADDRESS=(PROTOCOL=TCP)(HOST=localhost)(PORT=1521))(CONNECT_DATA=(SID=xe)(CID=(PROGRAM=D:\PROGRAM\wamp\bin\php\php5.5.12\php.exe)(HOST=DESKTOP-1E73LDL)(USER=Tamby-User))))

  VERSION INFORMATION:
	TNS for 32-bit Windows: Version 10.2.0.1.0 - Production
	Windows NT TCP/IP NT Protocol Adapter for 32-bit Windows: Version 10.2.0.1.0 - Production
  Time: 19-FÉVR.-2023 17:59:55
  Tracing not turned on.
  Tns error struct:
    ns main err code: 12564
    TNS-12564: TNS : connexion refusée
    ns secondary err code: 0
    nt main err code: 0
    nt secondary err code: 0
    nt OS err code: 0


***********************************************************************
Fatal NI connect error 12505, connecting to:
 (DESCRIPTION=(ADDRESS=(PROTOCOL=TCP)(HOST=localhost)(PORT=1521))(CONNECT_DATA=(SID=xe)(CID=(PROGRAM=D:\PROGRAM\wamp\bin\php\php5.5.12\php.exe)(HOST=DESKTOP-1E73LDL)(USER=Tamby-User))))

  VERSION INFORMATION:
	TNS for 32-bit Windows: Version 10.2.0.1.0 - Production
	Windows NT TCP/IP NT Protocol Adapter for 32-bit Windows: Version 10.2.0.1.0 - Production
  Time: 19-FÉVR.-2023 18:00:40
  Tracing not turned on.
  Tns error struct:
    ns main err code: 12564
    TNS-12564: TNS : connexion refusée
    ns secondary err code: 0
    nt main err code: 0
    nt secondary err code: 0
    nt OS err code: 0
